{"/Users/sascha/Sites/Workspace/brief/mocks/html.js": {"path":"/Users/sascha/Sites/Workspace/brief/mocks/html.js","statementMap":{"0":{"start":{"line":1,"column":0},"end":{"line":40,"column":2}},"1":{"start":{"line":42,"column":0},"end":{"line":81,"column":9}}},"fnMap":{},"branchMap":{},"s":{"0":1,"1":1},"f":{},"b":{},"_coverageSchema":"43e27e138ebf9cfc5966b082cf9a028302ed4184","hash":"94bed5bff2dfa8e553ba6bf6178ad570ffc8c69d"}
,"/Users/sascha/Sites/Workspace/brief/mocks/parseLetter.js": {"path":"/Users/sascha/Sites/Workspace/brief/mocks/parseLetter.js","statementMap":{"0":{"start":{"line":1,"column":0},"end":{"line":15,"column":2}},"1":{"start":{"line":17,"column":0},"end":{"line":21,"column":2}},"2":{"start":{"line":56,"column":0},"end":{"line":95,"column":2}}},"fnMap":{},"branchMap":{},"s":{"0":1,"1":1,"2":1},"f":{},"b":{},"_coverageSchema":"43e27e138ebf9cfc5966b082cf9a028302ed4184","hash":"78586655e323d566ea7e9d4713ab66648dad7408"}
,"/Users/sascha/Sites/Workspace/brief/src/config.js": {"path":"/Users/sascha/Sites/Workspace/brief/src/config.js","statementMap":{"0":{"start":{"line":1,"column":13},"end":{"line":1,"column":28}},"1":{"start":{"line":4,"column":21},"end":{"line":4,"column":69}},"2":{"start":{"line":7,"column":19},"end":{"line":7,"column":65}},"3":{"start":{"line":10,"column":22},"end":{"line":10,"column":33}},"4":{"start":{"line":13,"column":27},"end":{"line":17,"column":1}},"5":{"start":{"line":20,"column":21},"end":{"line":20,"column":78}},"6":{"start":{"line":23,"column":17},"end":{"line":23,"column":60}},"7":{"start":{"line":26,"column":19},"end":{"line":26,"column":74}},"8":{"start":{"line":29,"column":16},"end":{"line":29,"column":70}},"9":{"start":{"line":31,"column":0},"end":{"line":40,"column":2}}},"fnMap":{},"branchMap":{},"s":{"0":2,"1":2,"2":2,"3":2,"4":2,"5":2,"6":2,"7":2,"8":2,"9":2},"f":{},"b":{},"_coverageSchema":"43e27e138ebf9cfc5966b082cf9a028302ed4184","hash":"7f760a0220b89d37d86e747a933fe1fdebb96d39"}
,"/Users/sascha/Sites/Workspace/brief/src/lib/html.js": {"path":"/Users/sascha/Sites/Workspace/brief/src/lib/html.js","statementMap":{"0":{"start":{"line":1,"column":12},"end":{"line":1,"column":26}},"1":{"start":{"line":2,"column":22},"end":{"line":2,"column":37}},"2":{"start":{"line":3,"column":35},"end":{"line":3,"column":55}},"3":{"start":{"line":12,"column":0},"end":{"line":27,"column":2}},"4":{"start":{"line":13,"column":18},"end":{"line":16,"column":3}},"5":{"start":{"line":18,"column":2},"end":{"line":26,"column":5}},"6":{"start":{"line":19,"column":4},"end":{"line":21,"column":5}},"7":{"start":{"line":20,"column":6},"end":{"line":20,"column":26}},"8":{"start":{"line":23,"column":21},"end":{"line":23,"column":54}},"9":{"start":{"line":25,"column":4},"end":{"line":25,"column":40}}},"fnMap":{"0":{"name":"(anonymous_0)","decl":{"start":{"line":12,"column":17},"end":{"line":12,"column":18}},"loc":{"start":{"line":12,"column":52},"end":{"line":27,"column":1}},"line":12},"1":{"name":"(anonymous_1)","decl":{"start":{"line":18,"column":40},"end":{"line":18,"column":41}},"loc":{"start":{"line":18,"column":61},"end":{"line":26,"column":3}},"line":18}},"branchMap":{"0":{"loc":{"start":{"line":19,"column":4},"end":{"line":21,"column":5}},"type":"if","locations":[{"start":{"line":19,"column":4},"end":{"line":21,"column":5}},{"start":{"line":19,"column":4},"end":{"line":21,"column":5}}],"line":19}},"s":{"0":1,"1":1,"2":1,"3":1,"4":1,"5":1,"6":1,"7":0,"8":1,"9":1},"f":{"0":1,"1":1},"b":{"0":[0,1]},"_coverageSchema":"43e27e138ebf9cfc5966b082cf9a028302ed4184","hash":"0471d0cfa9f942ce541ec4e7300c5fd7847707d0"}
,"/Users/sascha/Sites/Workspace/brief/src/lib/io.js": {"path":"/Users/sascha/Sites/Workspace/brief/src/lib/io.js","statementMap":{"0":{"start":{"line":1,"column":11},"end":{"line":1,"column":24}},"1":{"start":{"line":2,"column":13},"end":{"line":2,"column":28}},"2":{"start":{"line":9,"column":17},"end":{"line":11,"column":1}},"3":{"start":{"line":9,"column":41},"end":{"line":11,"column":1}},"4":{"start":{"line":12,"column":0},"end":{"line":12,"column":35}},"5":{"start":{"line":19,"column":18},"end":{"line":27,"column":3}},"6":{"start":{"line":19,"column":33},"end":{"line":27,"column":3}},"7":{"start":{"line":19,"column":57},"end":{"line":27,"column":2}},"8":{"start":{"line":20,"column":2},"end":{"line":26,"column":5}},"9":{"start":{"line":21,"column":4},"end":{"line":23,"column":5}},"10":{"start":{"line":22,"column":6},"end":{"line":22,"column":18}},"11":{"start":{"line":25,"column":4},"end":{"line":25,"column":21}},"12":{"start":{"line":28,"column":0},"end":{"line":28,"column":37}},"13":{"start":{"line":36,"column":18},"end":{"line":38,"column":1}},"14":{"start":{"line":36,"column":51},"end":{"line":38,"column":1}},"15":{"start":{"line":39,"column":0},"end":{"line":39,"column":37}}},"fnMap":{"0":{"name":"(anonymous_0)","decl":{"start":{"line":9,"column":17},"end":{"line":9,"column":18}},"loc":{"start":{"line":9,"column":41},"end":{"line":11,"column":1}},"line":9},"1":{"name":"(anonymous_1)","decl":{"start":{"line":19,"column":18},"end":{"line":19,"column":19}},"loc":{"start":{"line":19,"column":33},"end":{"line":27,"column":3}},"line":19},"2":{"name":"(anonymous_2)","decl":{"start":{"line":19,"column":47},"end":{"line":19,"column":48}},"loc":{"start":{"line":19,"column":57},"end":{"line":27,"column":2}},"line":19},"3":{"name":"(anonymous_3)","decl":{"start":{"line":19,"column":69},"end":{"line":19,"column":70}},"loc":{"start":{"line":19,"column":90},"end":{"line":27,"column":1}},"line":19},"4":{"name":"(anonymous_4)","decl":{"start":{"line":20,"column":17},"end":{"line":20,"column":18}},"loc":{"start":{"line":20,"column":35},"end":{"line":26,"column":3}},"line":20},"5":{"name":"(anonymous_5)","decl":{"start":{"line":36,"column":18},"end":{"line":36,"column":19}},"loc":{"start":{"line":36,"column":51},"end":{"line":38,"column":1}},"line":36}},"branchMap":{"0":{"loc":{"start":{"line":21,"column":4},"end":{"line":23,"column":5}},"type":"if","locations":[{"start":{"line":21,"column":4},"end":{"line":23,"column":5}},{"start":{"line":21,"column":4},"end":{"line":23,"column":5}}],"line":21}},"s":{"0":2,"1":2,"2":2,"3":3,"4":2,"5":2,"6":1,"7":2,"8":2,"9":2,"10":0,"11":2,"12":2,"13":2,"14":1,"15":2},"f":{"0":3,"1":1,"2":2,"3":2,"4":2,"5":1},"b":{"0":[0,2]},"_coverageSchema":"43e27e138ebf9cfc5966b082cf9a028302ed4184","hash":"dbbb8c600424290c1ecf85bb34021079783f585f"}
,"/Users/sascha/Sites/Workspace/brief/src/lib/parseLetter.js": {"path":"/Users/sascha/Sites/Workspace/brief/src/lib/parseLetter.js","statementMap":{"0":{"start":{"line":1,"column":18},"end":{"line":1,"column":45}},"1":{"start":{"line":2,"column":22},"end":{"line":2,"column":39}},"2":{"start":{"line":3,"column":22},"end":{"line":3,"column":37}},"3":{"start":{"line":9,"column":4},"end":{"line":9,"column":24}},"4":{"start":{"line":15,"column":35},"end":{"line":15,"column":99}},"5":{"start":{"line":15,"column":49},"end":{"line":15,"column":99}},"6":{"start":{"line":15,"column":83},"end":{"line":15,"column":98}},"7":{"start":{"line":16,"column":0},"end":{"line":16,"column":64}},"8":{"start":{"line":23,"column":14},"end":{"line":27,"column":1}},"9":{"start":{"line":24,"column":32},"end":{"line":24,"column":75}},"10":{"start":{"line":26,"column":2},"end":{"line":26,"column":29}},"11":{"start":{"line":28,"column":0},"end":{"line":28,"column":22}},"12":{"start":{"line":38,"column":20},"end":{"line":59,"column":1}},"13":{"start":{"line":39,"column":28},"end":{"line":42,"column":4}},"14":{"start":{"line":44,"column":2},"end":{"line":58,"column":5}},"15":{"start":{"line":45,"column":32},"end":{"line":45,"column":45}},"16":{"start":{"line":47,"column":20},"end":{"line":51,"column":5}},"17":{"start":{"line":53,"column":4},"end":{"line":55,"column":5}},"18":{"start":{"line":54,"column":6},"end":{"line":54,"column":62}},"19":{"start":{"line":57,"column":4},"end":{"line":57,"column":28}},"20":{"start":{"line":60,"column":0},"end":{"line":60,"column":34}}},"fnMap":{"0":{"name":"(anonymous_0)","decl":{"start":{"line":15,"column":35},"end":{"line":15,"column":36}},"loc":{"start":{"line":15,"column":49},"end":{"line":15,"column":99}},"line":15},"1":{"name":"(anonymous_1)","decl":{"start":{"line":15,"column":73},"end":{"line":15,"column":74}},"loc":{"start":{"line":15,"column":83},"end":{"line":15,"column":98}},"line":15},"2":{"name":"(anonymous_2)","decl":{"start":{"line":23,"column":14},"end":{"line":23,"column":15}},"loc":{"start":{"line":23,"column":26},"end":{"line":27,"column":1}},"line":23},"3":{"name":"(anonymous_3)","decl":{"start":{"line":38,"column":20},"end":{"line":38,"column":21}},"loc":{"start":{"line":38,"column":44},"end":{"line":59,"column":1}},"line":38},"4":{"name":"(anonymous_4)","decl":{"start":{"line":44,"column":38},"end":{"line":44,"column":39}},"loc":{"start":{"line":44,"column":60},"end":{"line":58,"column":3}},"line":44}},"branchMap":{"0":{"loc":{"start":{"line":53,"column":4},"end":{"line":55,"column":5}},"type":"if","locations":[{"start":{"line":53,"column":4},"end":{"line":55,"column":5}},{"start":{"line":53,"column":4},"end":{"line":55,"column":5}}],"line":53}},"s":{"0":1,"1":1,"2":1,"3":1,"4":1,"5":3,"6":7,"7":1,"8":1,"9":2,"10":2,"11":1,"12":1,"13":1,"14":1,"15":1,"16":1,"17":1,"18":0,"19":1,"20":1},"f":{"0":3,"1":7,"2":2,"3":1,"4":1},"b":{"0":[0,1]},"_coverageSchema":"43e27e138ebf9cfc5966b082cf9a028302ed4184","hash":"bf3963d50264826df1e4090d87d8a01c6bbf03b9"}
}
