TN:
SF:/Users/sascha/Sites/Workspace/brief/mocks/html.js
FNF:0
FNH:0
DA:1,1
DA:42,1
LF:2
LH:2
BRF:0
BRH:0
end_of_record
TN:
SF:/Users/sascha/Sites/Workspace/brief/mocks/parseLetter.js
FNF:0
FNH:0
DA:1,1
DA:17,1
DA:56,1
LF:3
LH:3
BRF:0
BRH:0
end_of_record
TN:
SF:/Users/sascha/Sites/Workspace/brief/src/config.js
FNF:0
FNH:0
DA:1,2
DA:4,2
DA:7,2
DA:10,2
DA:13,2
DA:20,2
DA:23,2
DA:26,2
DA:29,2
DA:31,2
LF:10
LH:10
BRF:0
BRH:0
end_of_record
TN:
SF:/Users/sascha/Sites/Workspace/brief/src/lib/html.js
FN:12,(anonymous_0)
FN:18,(anonymous_1)
FNF:2
FNH:2
FNDA:1,(anonymous_0)
FNDA:1,(anonymous_1)
DA:1,1
DA:2,1
DA:3,1
DA:12,1
DA:13,1
DA:18,1
DA:19,1
DA:20,0
DA:23,1
DA:25,1
LF:10
LH:9
BRDA:19,0,0,0
BRDA:19,0,1,1
BRF:2
BRH:1
end_of_record
TN:
SF:/Users/sascha/Sites/Workspace/brief/src/lib/io.js
FN:9,(anonymous_0)
FN:19,(anonymous_1)
FN:19,(anonymous_2)
FN:19,(anonymous_3)
FN:20,(anonymous_4)
FN:36,(anonymous_5)
FNF:6
FNH:6
FNDA:3,(anonymous_0)
FNDA:1,(anonymous_1)
FNDA:2,(anonymous_2)
FNDA:2,(anonymous_3)
FNDA:2,(anonymous_4)
FNDA:1,(anonymous_5)
DA:1,2
DA:2,2
DA:9,3
DA:12,2
DA:19,2
DA:20,2
DA:21,2
DA:22,0
DA:25,2
DA:28,2
DA:36,2
DA:39,2
LF:12
LH:11
BRDA:21,0,0,0
BRDA:21,0,1,2
BRF:2
BRH:1
end_of_record
TN:
SF:/Users/sascha/Sites/Workspace/brief/src/lib/parseLetter.js
FN:15,(anonymous_0)
FN:15,(anonymous_1)
FN:23,(anonymous_2)
FN:38,(anonymous_3)
FN:44,(anonymous_4)
FNF:5
FNH:5
FNDA:3,(anonymous_0)
FNDA:7,(anonymous_1)
FNDA:2,(anonymous_2)
FNDA:1,(anonymous_3)
FNDA:1,(anonymous_4)
DA:1,1
DA:2,1
DA:3,1
DA:9,1
DA:15,7
DA:16,1
DA:23,1
DA:24,2
DA:26,2
DA:28,1
DA:38,1
DA:39,1
DA:44,1
DA:45,1
DA:47,1
DA:53,1
DA:54,0
DA:57,1
DA:60,1
LF:19
LH:18
BRDA:53,0,0,0
BRDA:53,0,1,1
BRF:2
BRH:1
end_of_record
